This is XeTeX, Version 3.14159265-2.6-0.999991 (MiKTeX 2.9.7200 64-bit) (preloaded format=xelatex 2020.9.5)  6 OCT 2020 15:08
entering extended mode
**"./Lecture_7 (Algebra I).tex"
("Lecture_7 (Algebra I).tex"
LaTeX2e <2019-10-01>
(E:\MikTEX\Miktex\tex/latex/base\report.cls
Document Class: report 2019/08/27 v1.4j Standard LaTeX document class
(E:\MikTEX\Miktex\tex/latex/base\size10.clo
File: size10.clo 2019/08/27 v1.4j Standard LaTeX file (size option)
)
\c@part=\count80
\c@chapter=\count81
\c@section=\count82
\c@subsection=\count83
\c@subsubsection=\count84
\c@paragraph=\count85
\c@subparagraph=\count86
\c@figure=\count87
\c@table=\count88
\abovecaptionskip=\skip41
\belowcaptionskip=\skip42
\bibindent=\dimen102
)
(E:\MikTEX\Miktex\tex/latex/amsfonts\amssymb.sty
Package: amssymb 2013/01/14 v3.01 AMS font symbols

(E:\MikTEX\Miktex\tex/latex/amsfonts\amsfonts.sty
Package: amsfonts 2013/01/14 v3.01 Basic AMSFonts support
\@emptytoks=\toks14
\symAMSa=\mathgroup4
\symAMSb=\mathgroup5
LaTeX Font Info:    Redeclaring math symbol \hbar on input line 98.
LaTeX Font Info:    Overwriting math alphabet `\mathfrak' in version `bold'
(Font)                  U/euf/m/n --> U/euf/b/n on input line 106.
))
(E:\MikTEX\Miktex\tex/latex/mathtools\mathtools.sty
Package: mathtools 2020/03/24 v1.24 mathematical typesetting tools

(E:\MikTEX\Miktex\tex/latex/graphics\keyval.sty
Package: keyval 2014/10/28 v1.15 key=value parser (DPC)
\KV@toks@=\toks15
)
(E:\MikTEX\Miktex\tex/latex/tools\calc.sty
Package: calc 2017/05/25 v4.3 Infix arithmetic (KKT,FJ)
\calc@Acount=\count89
\calc@Bcount=\count90
\calc@Adimen=\dimen103
\calc@Bdimen=\dimen104
\calc@Askip=\skip43
\calc@Bskip=\skip44
LaTeX Info: Redefining \setlength on input line 80.
LaTeX Info: Redefining \addtolength on input line 81.
\calc@Ccount=\count91
\calc@Cskip=\skip45
)
(E:\MikTEX\Miktex\tex/latex/mathtools\mhsetup.sty
Package: mhsetup 2017/03/31 v1.3 programming setup (MH)
)
(E:\MikTEX\Miktex\tex/latex/amsmath\amsmath.sty
Package: amsmath 2019/04/01 v2.17c AMS math features
\@mathmargin=\skip46

For additional information on amsmath, use the `?' option.
(E:\MikTEX\Miktex\tex/latex/amsmath\amstext.sty
Package: amstext 2000/06/29 v2.01 AMS text

(E:\MikTEX\Miktex\tex/latex/amsmath\amsgen.sty
File: amsgen.sty 1999/11/30 v2.0 generic functions
\@emptytoks=\toks16
\ex@=\dimen105
))
(E:\MikTEX\Miktex\tex/latex/amsmath\amsbsy.sty
Package: amsbsy 1999/11/29 v1.2d Bold Symbols
\pmbraise@=\dimen106
)
(E:\MikTEX\Miktex\tex/latex/amsmath\amsopn.sty
Package: amsopn 2016/03/08 v2.02 operator names
)
\inf@bad=\count92
LaTeX Info: Redefining \frac on input line 227.
\uproot@=\count93
\leftroot@=\count94
LaTeX Info: Redefining \overline on input line 389.
\classnum@=\count95
\DOTSCASE@=\count96
LaTeX Info: Redefining \ldots on input line 486.
LaTeX Info: Redefining \dots on input line 489.
LaTeX Info: Redefining \cdots on input line 610.
\Mathstrutbox@=\box27
\strutbox@=\box28
\big@size=\dimen107
LaTeX Font Info:    Redeclaring font encoding OML on input line 733.
LaTeX Font Info:    Redeclaring font encoding OMS on input line 734.
\macc@depth=\count97
\c@MaxMatrixCols=\count98
\dotsspace@=\muskip10
\c@parentequation=\count99
\dspbrk@lvl=\count100
\tag@help=\toks17
\row@=\count101
\column@=\count102
\maxfields@=\count103
\andhelp@=\toks18
\eqnshift@=\dimen108
\alignsep@=\dimen109
\tagshift@=\dimen110
\tagwidth@=\dimen111
\totwidth@=\dimen112
\lineht@=\dimen113
\@envbody=\toks19
\multlinegap=\skip47
\multlinetaggap=\skip48
\mathdisplay@stack=\toks20
LaTeX Info: Redefining \[ on input line 2855.
LaTeX Info: Redefining \] on input line 2856.
)
LaTeX Info: Thecontrolsequence`\('isalreadyrobust on input line 130.
LaTeX Info: Thecontrolsequence`\)'isalreadyrobust on input line 130.
LaTeX Info: Thecontrolsequence`\['isalreadyrobust on input line 130.
LaTeX Info: Thecontrolsequence`\]'isalreadyrobust on input line 130.
\g_MT_multlinerow_int=\count104
\l_MT_multwidth_dim=\dimen114
\origjot=\skip49
\l_MT_shortvdotswithinadjustabove_dim=\dimen115
\l_MT_shortvdotswithinadjustbelow_dim=\dimen116
\l_MT_above_intertext_sep=\dimen117
\l_MT_below_intertext_sep=\dimen118
\l_MT_above_shortintertext_sep=\dimen119
\l_MT_below_shortintertext_sep=\dimen120
\xmathstrut@box=\box29
\xmathstrut@dim=\dimen121
)
(E:\MikTEX\Miktex\tex/latex/base\inputenc.sty
Package: inputenc 2018/08/11 v1.3c Input encoding file
\inpenc@prehook=\toks21
\inpenc@posthook=\toks22


Package inputenc Warning: inputenc package ignored with utf8 based engines.

) (E:\MikTEX\Miktex\tex/latex/xcolor\xcolor.sty
Package: xcolor 2016/05/11 v2.12 LaTeX color extensions (UK)

(E:\MikTEX\Miktex\tex/latex/graphics-cfg\color.cfg
File: color.cfg 2016/01/02 v1.6 sample color configuration
)
Package xcolor Info: Driver file: xetex.def on input line 225.

(E:\MikTEX\Miktex\tex/latex/graphics-def\xetex.def
File: xetex.def 2017/06/24 v5.0h Graphics/color driver for xetex
)
Package xcolor Info: Model `cmy' substituted by `cmy0' on input line 1348.
Package xcolor Info: Model `RGB' extended on input line 1364.
Package xcolor Info: Model `HTML' substituted by `rgb' on input line 1366.
Package xcolor Info: Model `Hsb' substituted by `hsb' on input line 1367.
Package xcolor Info: Model `tHsb' substituted by `hsb' on input line 1368.
Package xcolor Info: Model `HSB' substituted by `hsb' on input line 1369.
Package xcolor Info: Model `Gray' substituted by `gray' on input line 1370.
Package xcolor Info: Model `wave' substituted by `hsb' on input line 1371.

(E:\MikTEX\Miktex\tex/latex/xcolor\x11nam.def
File: x11nam.def 2016/05/11 v2.12 Predefined colors according to Unix/X11 (UK)
))
(E:\MikTEX\Miktex\tex/latex/geometry\geometry.sty
Package: geometry 2018/04/16 v5.8 Page Geometry

(E:\MikTEX\Miktex\tex/generic/oberdiek\ifpdf.sty
Package: ifpdf 2018/09/07 v3.3 Provides the ifpdf switch
)
(E:\MikTEX\Miktex\tex/generic/oberdiek\ifvtex.sty
Package: ifvtex 2016/05/16 v1.6 Detect VTeX and its facilities (HO)
Package ifvtex Info: VTeX not detected.
)
(E:\MikTEX\Miktex\tex/generic/ifxetex\ifxetex.sty
Package: ifxetex 2010/09/12 v0.6 Provides ifxetex conditional
)
\Gm@cnth=\count105
\Gm@cntv=\count106
\c@Gm@tempcnt=\count107
\Gm@bindingoffset=\dimen122
\Gm@wd@mp=\dimen123
\Gm@odd@mp=\dimen124
\Gm@even@mp=\dimen125
\Gm@layoutwidth=\dimen126
\Gm@layoutheight=\dimen127
\Gm@layouthoffset=\dimen128
\Gm@layoutvoffset=\dimen129
\Gm@dimlist=\toks23

(E:\MikTEX\Miktex\tex/xelatex/xetexconfig\geometry.cfg))
(E:\MikTEX\Miktex\tex/latex/pgf/frontendlayer\tikz.sty
(E:\MikTEX\Miktex\tex/latex/pgf/basiclayer\pgf.sty
(E:\MikTEX\Miktex\tex/latex/pgf/utilities\pgfrcs.sty
(E:\MikTEX\Miktex\tex/generic/pgf/utilities\pgfutil-common.tex
\pgfutil@everybye=\toks24
\pgfutil@tempdima=\dimen130
\pgfutil@tempdimb=\dimen131

(E:\MikTEX\Miktex\tex/generic/pgf/utilities\pgfutil-common-lists.tex))
(E:\MikTEX\Miktex\tex/generic/pgf/utilities\pgfutil-latex.def
\pgfutil@abb=\box30

(E:\MikTEX\Miktex\tex/latex/ms\everyshi.sty
Package: everyshi 2001/05/15 v3.00 EveryShipout Package (MS)
))
(E:\MikTEX\Miktex\tex/generic/pgf/utilities\pgfrcs.code.tex
(E:\MikTEX\Miktex\tex/generic/pgf\pgf.revision.tex)
Package: pgfrcs 2020/01/08 v3.1.5b (3.1.5b)
))
Package: pgf 2020/01/08 v3.1.5b (3.1.5b)

(E:\MikTEX\Miktex\tex/latex/pgf/basiclayer\pgfcore.sty
(E:\MikTEX\Miktex\tex/latex/graphics\graphicx.sty
Package: graphicx 2017/06/01 v1.1a Enhanced LaTeX Graphics (DPC,SPQR)

(E:\MikTEX\Miktex\tex/latex/graphics\graphics.sty
Package: graphics 2019/07/20 v1.3b Standard LaTeX Graphics (DPC,SPQR)

(E:\MikTEX\Miktex\tex/latex/graphics\trig.sty
Package: trig 2016/01/03 v1.10 sin cos tan (DPC)
)
(E:\MikTEX\Miktex\tex/latex/graphics-cfg\graphics.cfg
File: graphics.cfg 2016/06/04 v1.11 sample graphics configuration
)
Package graphics Info: Driver file: xetex.def on input line 105.
)
\Gin@req@height=\dimen132
\Gin@req@width=\dimen133
)
(E:\MikTEX\Miktex\tex/latex/pgf/systemlayer\pgfsys.sty
(E:\MikTEX\Miktex\tex/generic/pgf/systemlayer\pgfsys.code.tex
Package: pgfsys 2020/01/08 v3.1.5b (3.1.5b)

(E:\MikTEX\Miktex\tex/generic/pgf/utilities\pgfkeys.code.tex
\pgfkeys@pathtoks=\toks25
\pgfkeys@temptoks=\toks26

(E:\MikTEX\Miktex\tex/generic/pgf/utilities\pgfkeysfiltered.code.tex
\pgfkeys@tmptoks=\toks27
))
\pgf@x=\dimen134
\pgf@y=\dimen135
\pgf@xa=\dimen136
\pgf@ya=\dimen137
\pgf@xb=\dimen138
\pgf@yb=\dimen139
\pgf@xc=\dimen140
\pgf@yc=\dimen141
\pgf@xd=\dimen142
\pgf@yd=\dimen143
\w@pgf@writea=\write3
\r@pgf@reada=\read1
\c@pgf@counta=\count108
\c@pgf@countb=\count109
\c@pgf@countc=\count110
\c@pgf@countd=\count111
\t@pgf@toka=\toks28
\t@pgf@tokb=\toks29
\t@pgf@tokc=\toks30
\pgf@sys@id@count=\count112

(E:\MikTEX\Miktex\tex/generic/pgf/systemlayer\pgf.cfg
File: pgf.cfg 2020/01/08 v3.1.5b (3.1.5b)
)
Driver file for pgf: pgfsys-xetex.def

(E:\MikTEX\Miktex\tex/generic/pgf/systemlayer\pgfsys-xetex.def
File: pgfsys-xetex.def 2020/01/08 v3.1.5b (3.1.5b)

(E:\MikTEX\Miktex\tex/generic/pgf/systemlayer\pgfsys-dvipdfmx.def
File: pgfsys-dvipdfmx.def 2020/01/08 v3.1.5b (3.1.5b)

(E:\MikTEX\Miktex\tex/generic/pgf/systemlayer\pgfsys-common-pdf.def
File: pgfsys-common-pdf.def 2020/01/08 v3.1.5b (3.1.5b)
)
\pgfsys@objnum=\count113
)))
(E:\MikTEX\Miktex\tex/generic/pgf/systemlayer\pgfsyssoftpath.code.tex
File: pgfsyssoftpath.code.tex 2020/01/08 v3.1.5b (3.1.5b)
\pgfsyssoftpath@smallbuffer@items=\count114
\pgfsyssoftpath@bigbuffer@items=\count115
)
(E:\MikTEX\Miktex\tex/generic/pgf/systemlayer\pgfsysprotocol.code.tex
File: pgfsysprotocol.code.tex 2020/01/08 v3.1.5b (3.1.5b)
))
(E:\MikTEX\Miktex\tex/generic/pgf/basiclayer\pgfcore.code.tex
Package: pgfcore 2020/01/08 v3.1.5b (3.1.5b)

(E:\MikTEX\Miktex\tex/generic/pgf/math\pgfmath.code.tex
(E:\MikTEX\Miktex\tex/generic/pgf/math\pgfmathcalc.code.tex
(E:\MikTEX\Miktex\tex/generic/pgf/math\pgfmathutil.code.tex)
(E:\MikTEX\Miktex\tex/generic/pgf/math\pgfmathparser.code.tex
\pgfmath@dimen=\dimen144
\pgfmath@count=\count116
\pgfmath@box=\box31
\pgfmath@toks=\toks31
\pgfmath@stack@operand=\toks32
\pgfmath@stack@operation=\toks33
)
(E:\MikTEX\Miktex\tex/generic/pgf/math\pgfmathfunctions.code.tex
(E:\MikTEX\Miktex\tex/generic/pgf/math\pgfmathfunctions.basic.code.tex)
(E:\MikTEX\Miktex\tex/generic/pgf/math\pgfmathfunctions.trigonometric.code.tex)
(E:\MikTEX\Miktex\tex/generic/pgf/math\pgfmathfunctions.random.code.tex)
(E:\MikTEX\Miktex\tex/generic/pgf/math\pgfmathfunctions.comparison.code.tex)
(E:\MikTEX\Miktex\tex/generic/pgf/math\pgfmathfunctions.base.code.tex)
(E:\MikTEX\Miktex\tex/generic/pgf/math\pgfmathfunctions.round.code.tex)
(E:\MikTEX\Miktex\tex/generic/pgf/math\pgfmathfunctions.misc.code.tex)
(E:\MikTEX\Miktex\tex/generic/pgf/math\pgfmathfunctions.integerarithmetics.code
.tex))) (E:\MikTEX\Miktex\tex/generic/pgf/math\pgfmathfloat.code.tex
\c@pgfmathroundto@lastzeros=\count117
))
(E:\MikTEX\Miktex\tex/generic/pgf/math\pgfint.code.tex)
(E:\MikTEX\Miktex\tex/generic/pgf/basiclayer\pgfcorepoints.code.tex
File: pgfcorepoints.code.tex 2020/01/08 v3.1.5b (3.1.5b)
\pgf@picminx=\dimen145
\pgf@picmaxx=\dimen146
\pgf@picminy=\dimen147
\pgf@picmaxy=\dimen148
\pgf@pathminx=\dimen149
\pgf@pathmaxx=\dimen150
\pgf@pathminy=\dimen151
\pgf@pathmaxy=\dimen152
\pgf@xx=\dimen153
\pgf@xy=\dimen154
\pgf@yx=\dimen155
\pgf@yy=\dimen156
\pgf@zx=\dimen157
\pgf@zy=\dimen158
)
(E:\MikTEX\Miktex\tex/generic/pgf/basiclayer\pgfcorepathconstruct.code.tex
File: pgfcorepathconstruct.code.tex 2020/01/08 v3.1.5b (3.1.5b)
\pgf@path@lastx=\dimen159
\pgf@path@lasty=\dimen160
)
(E:\MikTEX\Miktex\tex/generic/pgf/basiclayer\pgfcorepathusage.code.tex
File: pgfcorepathusage.code.tex 2020/01/08 v3.1.5b (3.1.5b)
\pgf@shorten@end@additional=\dimen161
\pgf@shorten@start@additional=\dimen162
)
(E:\MikTEX\Miktex\tex/generic/pgf/basiclayer\pgfcorescopes.code.tex
File: pgfcorescopes.code.tex 2020/01/08 v3.1.5b (3.1.5b)
\pgfpic=\box32
\pgf@hbox=\box33
\pgf@layerbox@main=\box34
\pgf@picture@serial@count=\count118
)
(E:\MikTEX\Miktex\tex/generic/pgf/basiclayer\pgfcoregraphicstate.code.tex
File: pgfcoregraphicstate.code.tex 2020/01/08 v3.1.5b (3.1.5b)
\pgflinewidth=\dimen163
)
(E:\MikTEX\Miktex\tex/generic/pgf/basiclayer\pgfcoretransformations.code.tex
File: pgfcoretransformations.code.tex 2020/01/08 v3.1.5b (3.1.5b)
\pgf@pt@x=\dimen164
\pgf@pt@y=\dimen165
\pgf@pt@temp=\dimen166
)
(E:\MikTEX\Miktex\tex/generic/pgf/basiclayer\pgfcorequick.code.tex
File: pgfcorequick.code.tex 2020/01/08 v3.1.5b (3.1.5b)
)
(E:\MikTEX\Miktex\tex/generic/pgf/basiclayer\pgfcoreobjects.code.tex
File: pgfcoreobjects.code.tex 2020/01/08 v3.1.5b (3.1.5b)
)
(E:\MikTEX\Miktex\tex/generic/pgf/basiclayer\pgfcorepathprocessing.code.tex
File: pgfcorepathprocessing.code.tex 2020/01/08 v3.1.5b (3.1.5b)
)
(E:\MikTEX\Miktex\tex/generic/pgf/basiclayer\pgfcorearrows.code.tex
File: pgfcorearrows.code.tex 2020/01/08 v3.1.5b (3.1.5b)
\pgfarrowsep=\dimen167
)
(E:\MikTEX\Miktex\tex/generic/pgf/basiclayer\pgfcoreshade.code.tex
File: pgfcoreshade.code.tex 2020/01/08 v3.1.5b (3.1.5b)
\pgf@max=\dimen168
\pgf@sys@shading@range@num=\count119
\pgf@shadingcount=\count120
)
(E:\MikTEX\Miktex\tex/generic/pgf/basiclayer\pgfcoreimage.code.tex
File: pgfcoreimage.code.tex 2020/01/08 v3.1.5b (3.1.5b)

(E:\MikTEX\Miktex\tex/generic/pgf/basiclayer\pgfcoreexternal.code.tex
File: pgfcoreexternal.code.tex 2020/01/08 v3.1.5b (3.1.5b)
\pgfexternal@startupbox=\box35
))
(E:\MikTEX\Miktex\tex/generic/pgf/basiclayer\pgfcorelayers.code.tex
File: pgfcorelayers.code.tex 2020/01/08 v3.1.5b (3.1.5b)
)
(E:\MikTEX\Miktex\tex/generic/pgf/basiclayer\pgfcoretransparency.code.tex
File: pgfcoretransparency.code.tex 2020/01/08 v3.1.5b (3.1.5b)
)
(E:\MikTEX\Miktex\tex/generic/pgf/basiclayer\pgfcorepatterns.code.tex
File: pgfcorepatterns.code.tex 2020/01/08 v3.1.5b (3.1.5b)
)
(E:\MikTEX\Miktex\tex/generic/pgf/basiclayer\pgfcorerdf.code.tex
File: pgfcorerdf.code.tex 2020/01/08 v3.1.5b (3.1.5b)
)))
(E:\MikTEX\Miktex\tex/generic/pgf/modules\pgfmoduleshapes.code.tex
File: pgfmoduleshapes.code.tex 2020/01/08 v3.1.5b (3.1.5b)
\pgfnodeparttextbox=\box36
)
(E:\MikTEX\Miktex\tex/generic/pgf/modules\pgfmoduleplot.code.tex
File: pgfmoduleplot.code.tex 2020/01/08 v3.1.5b (3.1.5b)
)
(E:\MikTEX\Miktex\tex/latex/pgf/compatibility\pgfcomp-version-0-65.sty
Package: pgfcomp-version-0-65 2020/01/08 v3.1.5b (3.1.5b)
\pgf@nodesepstart=\dimen169
\pgf@nodesepend=\dimen170
)
(E:\MikTEX\Miktex\tex/latex/pgf/compatibility\pgfcomp-version-1-18.sty
Package: pgfcomp-version-1-18 2020/01/08 v3.1.5b (3.1.5b)
))
(E:\MikTEX\Miktex\tex/latex/pgf/utilities\pgffor.sty
(E:\MikTEX\Miktex\tex/latex/pgf/utilities\pgfkeys.sty
(E:\MikTEX\Miktex\tex/generic/pgf/utilities\pgfkeys.code.tex))
(E:\MikTEX\Miktex\tex/latex/pgf/math\pgfmath.sty
(E:\MikTEX\Miktex\tex/generic/pgf/math\pgfmath.code.tex))
(E:\MikTEX\Miktex\tex/generic/pgf/utilities\pgffor.code.tex
Package: pgffor 2020/01/08 v3.1.5b (3.1.5b)

(E:\MikTEX\Miktex\tex/generic/pgf/math\pgfmath.code.tex)
\pgffor@iter=\dimen171
\pgffor@skip=\dimen172
\pgffor@stack=\toks34
\pgffor@toks=\toks35
))
(E:\MikTEX\Miktex\tex/generic/pgf/frontendlayer/tikz\tikz.code.tex
Package: tikz 2020/01/08 v3.1.5b (3.1.5b)

(E:\MikTEX\Miktex\tex/generic/pgf/libraries\pgflibraryplothandlers.code.tex
File: pgflibraryplothandlers.code.tex 2020/01/08 v3.1.5b (3.1.5b)
\pgf@plot@mark@count=\count121
\pgfplotmarksize=\dimen173
)
\tikz@lastx=\dimen174
\tikz@lasty=\dimen175
\tikz@lastxsaved=\dimen176
\tikz@lastysaved=\dimen177
\tikz@lastmovetox=\dimen178
\tikz@lastmovetoy=\dimen179
\tikzleveldistance=\dimen180
\tikzsiblingdistance=\dimen181
\tikz@figbox=\box37
\tikz@figbox@bg=\box38
\tikz@tempbox=\box39
\tikz@tempbox@bg=\box40
\tikztreelevel=\count122
\tikznumberofchildren=\count123
\tikznumberofcurrentchild=\count124
\tikz@fig@count=\count125

(E:\MikTEX\Miktex\tex/generic/pgf/modules\pgfmodulematrix.code.tex
File: pgfmodulematrix.code.tex 2020/01/08 v3.1.5b (3.1.5b)
\pgfmatrixcurrentrow=\count126
\pgfmatrixcurrentcolumn=\count127
\pgf@matrix@numberofcolumns=\count128
)
\tikz@expandcount=\count129

(E:\MikTEX\Miktex\tex/generic/pgf/frontendlayer/tikz/libraries\tikzlibrarytopat
hs.code.tex
File: tikzlibrarytopaths.code.tex 2020/01/08 v3.1.5b (3.1.5b)
)))
(E:\MikTEX\Miktex\tex/generic/pgf/frontendlayer/tikz/libraries\tikzlibrarycalc.
code.tex
File: tikzlibrarycalc.code.tex 2020/01/08 v3.1.5b (3.1.5b)
) (E:\MikTEX\Miktex\tex/latex/paracol\paracol.sty
Package: paracol 2018/12/31 v1.35 
\pcol@currcol=\count130
\pcol@nextcol=\count131
\pcol@ncol=\count132
\pcol@ncolleft=\count133
\pcol@page=\count134
\pcol@basepage=\count135
\pcol@toppage=\count136
\pcol@footnotebase=\count137
\pcol@nfootnotes=\count138
\pcol@mcid=\count139
\pcol@prevdepth=\dimen182
\pcol@colht=\dimen183
\pcol@textfloatsep=\dimen184
\pcol@lrmargin=\dimen185
\pagerim=\dimen186
\pcol@topskip=\skip50
\belowfootnoteskip=\skip51
\pcol@topfnotes=\box41
\pcol@prespan=\box42
\pcol@rightpage=\box43
\pcol@colorstack@saved=\box44
\pcol@tempboxa=\box45
\pcol@tempboxb=\box46
\pcol@colorins=\insert199
\pcol@everyvbox=\toks36
)
(E:\MikTEX\Miktex\tex/latex/microtype\microtype.sty
Package: microtype 2019/11/18 v2.7d Micro-typographical refinements (RS)
\MT@toks=\toks37
\MT@count=\count140
LaTeX Info: Redefining \textls on input line 790.
\MT@outer@kern=\dimen187
LaTeX Info: Redefining \textmicrotypecontext on input line 1354.
\MT@listname@count=\count141

(E:\MikTEX\Miktex\tex/latex/microtype\microtype-xetex.def
File: microtype-xetex.def 2019/11/18 v2.7d Definitions specific to xetex (RS)
LaTeX Info: Redefining \lsstyle on input line 258.
)
Package microtype Info: Loading configuration file microtype.cfg.

(E:\MikTEX\Miktex\tex/latex/microtype\microtype.cfg
File: microtype.cfg 2019/11/18 v2.7d microtype main configuration file (RS)
))
(E:\MikTEX\Miktex\tex/latex/hyperref\hyperref.sty
Package: hyperref 2019/09/28 v7.00a Hypertext links for LaTeX

(E:\MikTEX\Miktex\tex/latex/hobsub\hobsub-hyperref.sty
Package: hobsub-hyperref 2019-11-14
hobsub not currently supported, see hobsub.dtx to extract original code

(E:\MikTEX\Miktex\tex/generic/oberdiek\ltxcmds.sty
Package: ltxcmds 2016/05/16 v1.23 LaTeX kernel commands for general use (HO)
)
(E:\MikTEX\Miktex\tex/generic/oberdiek\pdftexcmds.sty
Package: pdftexcmds 2019/07/25 v0.30 Utility functions of pdfTeX for LuaTeX (HO
)

(E:\MikTEX\Miktex\tex/generic/oberdiek\infwarerr.sty
Package: infwarerr 2016/05/16 v1.4 Providing info/warning/error messages (HO)
)
(E:\MikTEX\Miktex\tex/generic/oberdiek\ifluatex.sty
Package: ifluatex 2016/05/16 v1.4 Provides the ifluatex switch (HO)
Package ifluatex Info: LuaTeX not detected.
)
Package pdftexcmds Info: LuaTeX not detected.
Package pdftexcmds Info: pdfTeX >= 1.30 not detected.
Package pdftexcmds Info: \pdf@primitive is available.
Package pdftexcmds Info: \pdf@ifprimitive is available.
Package pdftexcmds Info: \pdfdraftmode not found.
)
(E:\MikTEX\Miktex\tex/generic/oberdiek\kvsetkeys.sty
Package: kvsetkeys 2016/05/16 v1.17 Key value parser (HO)

(E:\MikTEX\Miktex\tex/generic/oberdiek\etexcmds.sty
Package: etexcmds 2016/05/16 v1.6 Avoid name clashes with e-TeX commands (HO)
))
(E:\MikTEX\Miktex\tex/generic/oberdiek\kvdefinekeys.sty
Package: kvdefinekeys 2016/05/16 v1.4 Define keys (HO)
)
(E:\MikTEX\Miktex\tex/generic/oberdiek\pdfescape.sty
Package: pdfescape 2016/05/16 v1.14 Implements pdfTeX's escape features (HO)
)
(E:\MikTEX\Miktex\tex/latex/oberdiek\hycolor.sty
Package: hycolor 2016/05/16 v1.8 Color options for hyperref/bookmark (HO)

(E:\MikTEX\Miktex\tex/latex/oberdiek\xcolor-patch.sty
Package: xcolor-patch 2016/05/16 xcolor patch

(E:\MikTEX\Miktex\tex/latex/oberdiek\hopatch.sty
Package: hopatch 2016/05/16 v1.3 Wrapper for package hooks (HO)
)))
(E:\MikTEX\Miktex\tex/latex/oberdiek\letltxmacro.sty
Package: letltxmacro 2016/05/16 v1.5 Let assignment for LaTeX macros (HO)
))
(E:\MikTEX\Miktex\tex/latex/oberdiek\auxhook.sty
Package: auxhook 2016/05/16 v1.4 Hooks for auxiliary files (HO)
)
(E:\MikTEX\Miktex\tex/latex/oberdiek\kvoptions.sty
Package: kvoptions 2016/05/16 v3.12 Key value format for package options (HO)
)
\@linkdim=\dimen188
\Hy@linkcounter=\count142
\Hy@pagecounter=\count143

(E:\MikTEX\Miktex\tex/latex/hyperref\pd1enc.def
File: pd1enc.def 2019/09/28 v7.00a Hyperref: PDFDocEncoding definition (HO)
)
(E:\MikTEX\Miktex\tex/generic/oberdiek\intcalc.sty
Package: intcalc 2016/05/16 v1.2 Expandable calculations with integers (HO)
)
\Hy@SavedSpaceFactor=\count144

(E:\MikTEX\Miktex\tex/latex/00miktex\hyperref.cfg
File: hyperref.cfg 2002/06/06 v1.2 hyperref configuration of TeXLive
)
Package hyperref Info: Hyper figures OFF on input line 4540.
Package hyperref Info: Link nesting OFF on input line 4545.
Package hyperref Info: Hyper index ON on input line 4548.
Package hyperref Info: Plain pages OFF on input line 4555.
Package hyperref Info: Backreferencing OFF on input line 4560.
Package hyperref Info: Implicit mode ON; LaTeX internals redefined.
Package hyperref Info: Bookmarks ON on input line 4793.
\c@Hy@tempcnt=\count145

(E:\MikTEX\Miktex\tex/latex/url\url.sty
\Urlmuskip=\muskip11
Package: url 2013/09/16  ver 3.4  Verb mode for urls, etc.
)
LaTeX Info: Redefining \url on input line 5152.
\XeTeXLinkMargin=\dimen189

(E:\MikTEX\Miktex\tex/generic/oberdiek\bitset.sty
Package: bitset 2016/05/16 v1.2 Handle bit-vector datatype (HO)

(E:\MikTEX\Miktex\tex/generic/oberdiek\bigintcalc.sty
Package: bigintcalc 2016/05/16 v1.4 Expandable calculations on big integers (HO
)
))
\Fld@menulength=\count146
\Field@Width=\dimen190
\Fld@charsize=\dimen191
Package hyperref Info: Hyper figures OFF on input line 6423.
Package hyperref Info: Link nesting OFF on input line 6428.
Package hyperref Info: Hyper index ON on input line 6431.
Package hyperref Info: backreferencing OFF on input line 6438.
Package hyperref Info: Link coloring OFF on input line 6443.
Package hyperref Info: Link coloring with OCG OFF on input line 6448.
Package hyperref Info: PDF/A mode OFF on input line 6453.
LaTeX Info: Redefining \ref on input line 6493.
LaTeX Info: Redefining \pageref on input line 6497.

(E:\MikTEX\Miktex\tex/generic/oberdiek\atbegshi.sty
Package: atbegshi 2016/06/09 v1.18 At begin shipout hook (HO)
)
\Hy@abspage=\count147
\c@Item=\count148
\c@Hfootnote=\count149
)
Package hyperref Info: Driver (autodetected): hxetex.

(E:\MikTEX\Miktex\tex/latex/hyperref\hxetex.def
File: hxetex.def 2019/09/28 v7.00a Hyperref driver for XeTeX

(E:\MikTEX\Miktex\tex/latex/hyperref\puenc.def
File: puenc.def 2019/09/28 v7.00a Hyperref: PDF Unicode definition (HO)
)
(E:\MikTEX\Miktex\tex/generic/oberdiek\stringenc.sty
Package: stringenc 2016/05/16 v1.11 Convert strings between diff. encodings (HO
)
)
\pdfm@box=\box47
\c@Hy@AnnotLevel=\count150
\HyField@AnnotCount=\count151
\Fld@listcount=\count152
\c@bookmark@seq@number=\count153

(E:\MikTEX\Miktex\tex/latex/oberdiek\rerunfilecheck.sty
Package: rerunfilecheck 2016/05/16 v1.8 Rerun checks for auxiliary files (HO)

(E:\MikTEX\Miktex\tex/latex/oberdiek\atveryend.sty
Package: atveryend 2016/05/16 v1.9 Hooks at the very end of document (HO)
Package atveryend Info: \enddocument detected (standard20110627).
)
(E:\MikTEX\Miktex\tex/generic/oberdiek\uniquecounter.sty
Package: uniquecounter 2016/05/16 v1.3 Provide unlimited unique counter (HO)
)
Package uniquecounter Info: New unique counter `rerunfilecheck' on input line 2
82.
)
\Hy@SectionHShift=\skip52
)
\c@testexample=\count154

(E:\MikTEX\Miktex\tex/latex/l3packages/xparse\xparse.sty
(E:\MikTEX\Miktex\tex/latex/l3kernel\expl3.sty
Package: expl3 2020-07-17 L3 programming layer (loader) 

(E:\MikTEX\Miktex\tex/latex/l3kernel\expl3-code.tex
Package: expl3 2020-07-17 L3 programming layer (code)
\c_max_int=\count155
\l_tmpa_int=\count156
\l_tmpb_int=\count157
\g_tmpa_int=\count158
\g_tmpb_int=\count159
\l__seq_internal_a_int=\count160
\l__seq_internal_b_int=\count161
\g__kernel_prg_map_int=\count162
\c__ior_term_noprompt_ior=\count163
\c_log_iow=\count164
\l_iow_line_count_int=\count165
\l__iow_line_target_int=\count166
\l__iow_one_indent_int=\count167
\l__iow_indent_int=\count168
\c_zero_dim=\dimen192
\c_max_dim=\dimen193
\l_tmpa_dim=\dimen194
\l_tmpb_dim=\dimen195
\g_tmpa_dim=\dimen196
\g_tmpb_dim=\dimen197
\c_zero_skip=\skip53
\c_max_skip=\skip54
\l_tmpa_skip=\skip55
\l_tmpb_skip=\skip56
\g_tmpa_skip=\skip57
\g_tmpb_skip=\skip58
\c_zero_muskip=\muskip12
\c_max_muskip=\muskip13
\l_tmpa_muskip=\muskip14
\l_tmpb_muskip=\muskip15
\g_tmpa_muskip=\muskip16
\g_tmpb_muskip=\muskip17
\l_keys_choice_int=\count169
\l__intarray_loop_int=\count170
\c__intarray_sp_dim=\dimen198
\g__intarray_font_int=\count171
\c__fp_leading_shift_int=\count172
\c__fp_middle_shift_int=\count173
\c__fp_trailing_shift_int=\count174
\c__fp_big_leading_shift_int=\count175
\c__fp_big_middle_shift_int=\count176
\c__fp_big_trailing_shift_int=\count177
\c__fp_Bigg_leading_shift_int=\count178
\c__fp_Bigg_middle_shift_int=\count179
\c__fp_Bigg_trailing_shift_int=\count180
\g__fp_array_int=\count181
\l__fp_array_loop_int=\count182
\g__cctab_allocate_int=\count183
\l__sort_length_int=\count184
\l__sort_min_int=\count185
\l__sort_top_int=\count186
\l__sort_max_int=\count187
\l__sort_true_max_int=\count188
\l__sort_block_int=\count189
\l__sort_begin_int=\count190
\l__sort_end_int=\count191
\l__sort_A_int=\count192
\l__sort_B_int=\count193
\l__sort_C_int=\count194
\l__str_internal_int=\count195
\l__tl_analysis_normal_int=\count196
\l__tl_analysis_index_int=\count197
\l__tl_analysis_nesting_int=\count198
\l__tl_analysis_type_int=\count266
\l__regex_internal_a_int=\count267
\l__regex_internal_b_int=\count268
\l__regex_internal_c_int=\count269
\l__regex_balance_int=\count270
\l__regex_group_level_int=\count271
\l__regex_mode_int=\count272
\c__regex_cs_in_class_mode_int=\count273
\c__regex_cs_mode_int=\count274
\l__regex_catcodes_int=\count275
\l__regex_default_catcodes_int=\count276
\c__regex_catcode_L_int=\count277
\c__regex_catcode_O_int=\count278
\c__regex_catcode_A_int=\count279
\c__regex_all_catcodes_int=\count280
\l__regex_show_lines_int=\count281
\l__regex_min_state_int=\count282
\l__regex_max_state_int=\count283
\l__regex_left_state_int=\count284
\l__regex_right_state_int=\count285
\l__regex_capturing_group_int=\count286
\l__regex_min_pos_int=\count287
\l__regex_max_pos_int=\count288
\l__regex_curr_pos_int=\count289
\l__regex_start_pos_int=\count290
\l__regex_success_pos_int=\count291
\l__regex_curr_char_int=\count292
\l__regex_curr_catcode_int=\count293
\l__regex_last_char_int=\count294
\l__regex_case_changed_char_int=\count295
\l__regex_curr_state_int=\count296
\l__regex_step_int=\count297
\l__regex_min_active_int=\count298
\l__regex_max_active_int=\count299
\l__regex_replacement_csnames_int=\count300
\l__regex_match_count_int=\count301
\l__regex_min_submatch_int=\count302
\l__regex_submatch_int=\count303
\l__regex_zeroth_submatch_int=\count304
\g__regex_trace_regex_int=\count305
\c_empty_box=\box48
\l_tmpa_box=\box49
\l_tmpb_box=\box50
\g_tmpa_box=\box51
\g_tmpb_box=\box52
\l__box_top_dim=\dimen256
\l__box_bottom_dim=\dimen257
\l__box_left_dim=\dimen258
\l__box_right_dim=\dimen259
\l__box_top_new_dim=\dimen260
\l__box_bottom_new_dim=\dimen261
\l__box_left_new_dim=\dimen262
\l__box_right_new_dim=\dimen263
\l__box_internal_box=\box53
\l__coffin_internal_box=\box54
\l__coffin_internal_dim=\dimen264
\l__coffin_offset_x_dim=\dimen265
\l__coffin_offset_y_dim=\dimen266
\l__coffin_x_dim=\dimen267
\l__coffin_y_dim=\dimen268
\l__coffin_x_prime_dim=\dimen269
\l__coffin_y_prime_dim=\dimen270
\c_empty_coffin=\box55
\l__coffin_aligned_coffin=\box56
\l__coffin_aligned_internal_coffin=\box57
\l_tmpa_coffin=\box58
\l_tmpb_coffin=\box59
\g_tmpa_coffin=\box60
\g_tmpb_coffin=\box61
\l__coffin_bounding_shift_dim=\dimen271
\l__coffin_left_corner_dim=\dimen272
\l__coffin_right_corner_dim=\dimen273
\l__coffin_bottom_corner_dim=\dimen274
\l__coffin_top_corner_dim=\dimen275
\l__coffin_scaled_total_height_dim=\dimen276
\l__coffin_scaled_width_dim=\dimen277
\c__coffin_empty_coffin=\box62
\l__coffin_display_coffin=\box63
\l__coffin_display_coord_coffin=\box64
\l__coffin_display_pole_coffin=\box65
\l__coffin_display_offset_dim=\dimen278
\l__coffin_display_x_dim=\dimen279
\l__coffin_display_y_dim=\dimen280
\g__char_data_ior=\read2

(E:\MikTEX\Miktex\tex/latex/l3kernel\l3deprecation.def
File: l3deprecation.def 2019-04-06 v L3 Deprecated functions
))
(E:\MikTEX\Miktex\tex/latex/l3backend\l3backend-xdvipdfmx.def
File: l3backend-xdvipdfmx.def 2020-06-29 L3 backend support: xdvipdfmx
\g__graphics_track_int=\count306
\l__pdf_internal_box=\box66
\g__pdf_backend_object_int=\count307
\g__pdf_backend_annotation_int=\count308
))
Package: xparse 2020-05-15 L3 Experimental document command parser

(E:\MikTEX\Miktex\tex/latex/l3packages/xparse\xparse-generic.tex
\l__xparse_current_arg_int=\count309
\g__xparse_grabber_int=\count310
\l__xparse_m_args_int=\count311
\l__xparse_v_nesting_int=\count312
))
(E:\MikTEX\Miktex\tex/latex/fontspec\fontspec.sty
Package: fontspec 2019/03/15 v2.7c Font selection for XeLaTeX and LuaLaTeX

(E:\MikTEX\Miktex\tex/latex/fontspec\fontspec-xetex.sty
Package: fontspec-xetex 2019/03/15 v2.7c Font selection for XeLaTeX and LuaLaTe
X
\l__fontspec_script_int=\count313
\l__fontspec_language_int=\count314
\l__fontspec_strnum_int=\count315
\l__fontspec_tmp_int=\count316
\l__fontspec_tmpa_int=\count317
\l__fontspec_tmpb_int=\count318
\l__fontspec_tmpc_int=\count319
\l__fontspec_em_int=\count320
\l__fontspec_emdef_int=\count321
\l__fontspec_strong_int=\count322
\l__fontspec_strongdef_int=\count323
\l__fontspec_tmpa_dim=\dimen281
\l__fontspec_tmpb_dim=\dimen282
\l__fontspec_tmpc_dim=\dimen283

(E:\MikTEX\Miktex\tex/latex/base\fontenc.sty
Package: fontenc 2018/08/11 v2.0j Standard LaTeX package

(E:\MikTEX\Miktex\tex/latex/base\tuenc.def
File: tuenc.def 2018/08/11 v2.0j Standard LaTeX file
LaTeX Font Info:    Redeclaring font encoding TU on input line 82.
))
(E:\MikTEX\Miktex\tex/latex/fontspec\fontspec.cfg)
LaTeX Info: Redefining \itshape on input line 4051.
LaTeX Info: Redefining \slshape on input line 4056.
LaTeX Info: Redefining \scshape on input line 4061.
LaTeX Info: Redefining \upshape on input line 4066.
LaTeX Info: Redefining \em on input line 4096.
LaTeX Info: Redefining \emph on input line 4121.
))
(E:\MikTEX\Miktex\tex/latex/enumitem\enumitem.sty
Package: enumitem 2019/06/20 v3.9 Customized lists
\labelindent=\skip59
\enit@outerparindent=\dimen284
\enit@toks=\toks38
\enit@inbox=\box67
\enit@count@id=\count324
\enitdp@description=\count325
)
(E:\MikTEX\Miktex\tex/latex/lm\lmodern.sty
Package: lmodern 2009/10/30 v1.6 Latin Modern Fonts
LaTeX Font Info:    Overwriting symbol font `operators' in version `normal'
(Font)                  OT1/cmr/m/n --> OT1/lmr/m/n on input line 22.
LaTeX Font Info:    Overwriting symbol font `letters' in version `normal'
(Font)                  OML/cmm/m/it --> OML/lmm/m/it on input line 23.
LaTeX Font Info:    Overwriting symbol font `symbols' in version `normal'
(Font)                  OMS/cmsy/m/n --> OMS/lmsy/m/n on input line 24.
LaTeX Font Info:    Overwriting symbol font `largesymbols' in version `normal'
(Font)                  OMX/cmex/m/n --> OMX/lmex/m/n on input line 25.
LaTeX Font Info:    Overwriting symbol font `operators' in version `bold'
(Font)                  OT1/cmr/bx/n --> OT1/lmr/bx/n on input line 26.
LaTeX Font Info:    Overwriting symbol font `letters' in version `bold'
(Font)                  OML/cmm/b/it --> OML/lmm/b/it on input line 27.
LaTeX Font Info:    Overwriting symbol font `symbols' in version `bold'
(Font)                  OMS/cmsy/b/n --> OMS/lmsy/b/n on input line 28.
LaTeX Font Info:    Overwriting symbol font `largesymbols' in version `bold'
(Font)                  OMX/cmex/m/n --> OMX/lmex/m/n on input line 29.
LaTeX Font Info:    Overwriting math alphabet `\mathbf' in version `normal'
(Font)                  OT1/cmr/bx/n --> OT1/lmr/bx/n on input line 31.
LaTeX Font Info:    Overwriting math alphabet `\mathsf' in version `normal'
(Font)                  OT1/cmss/m/n --> OT1/lmss/m/n on input line 32.
LaTeX Font Info:    Overwriting math alphabet `\mathit' in version `normal'
(Font)                  OT1/cmr/m/it --> OT1/lmr/m/it on input line 33.
LaTeX Font Info:    Overwriting math alphabet `\mathtt' in version `normal'
(Font)                  OT1/cmtt/m/n --> OT1/lmtt/m/n on input line 34.
LaTeX Font Info:    Overwriting math alphabet `\mathbf' in version `bold'
(Font)                  OT1/cmr/bx/n --> OT1/lmr/bx/n on input line 35.
LaTeX Font Info:    Overwriting math alphabet `\mathsf' in version `bold'
(Font)                  OT1/cmss/bx/n --> OT1/lmss/bx/n on input line 36.
LaTeX Font Info:    Overwriting math alphabet `\mathit' in version `bold'
(Font)                  OT1/cmr/bx/it --> OT1/lmr/bx/it on input line 37.
LaTeX Font Info:    Overwriting math alphabet `\mathtt' in version `bold'
(Font)                  OT1/cmtt/m/n --> OT1/lmtt/m/n on input line 38.
)
(E:\MikTEX\Miktex\tex/latex/psnfss\pifont.sty
Package: pifont 2005/04/12 PSNFSS-v9.2a Pi font support (SPQR) 
LaTeX Font Info:    Trying to load font information for U+pzd on input line 63.


(E:\MikTEX\Miktex\tex/latex/psnfss\upzd.fd
File: upzd.fd 2001/06/04 font definitions for U/pzd.
)
LaTeX Font Info:    Trying to load font information for U+psy on input line 64.


(E:\MikTEX\Miktex\tex/latex/psnfss\upsy.fd
File: upsy.fd 2001/06/04 font definitions for U/psy.
))
(E:\MikTEX\Miktex\tex/latex/cancel\cancel.sty
Package: cancel 2013/04/12 v2.2 Cancel math terms
)
(E:\MikTEX\Miktex\tex/latex/tcolorbox\tcolorbox.sty
Package: tcolorbox 2020/04/28 version 4.30 text color boxes

(E:\MikTEX\Miktex\tex/latex/tools\verbatim.sty
Package: verbatim 2014/10/28 v1.5q LaTeX2e package for verbatim enhancements
\every@verbatim=\toks39
\verbatim@line=\toks40
\verbatim@in@stream=\read3
)
(E:\MikTEX\Miktex\tex/latex/environ\environ.sty
Package: environ 2014/05/04 v0.3 A new way to define environments

(E:\MikTEX\Miktex\tex/latex/trimspaces\trimspaces.sty
Package: trimspaces 2009/09/17 v1.1 Trim spaces around a token list
))
(E:\MikTEX\Miktex\tex/latex/etoolbox\etoolbox.sty
Package: etoolbox 2020/07/15 v2.5i e-TeX tools for LaTeX (JAW)
\etb@tempcnta=\count326
)
\tcb@titlebox=\box68
\tcb@upperbox=\box69
\tcb@lowerbox=\box70
\tcb@phantombox=\box71
\c@tcbbreakpart=\count327
\c@tcblayer=\count328
\c@tcolorbox@number=\count329
\tcb@temp=\box72
\tcb@temp=\box73
\tcb@temp=\box74
\tcb@temp=\box75
\tcb@out=\write4
\tcb@record@out=\write5

(E:\MikTEX\Miktex\tex/latex/tcolorbox\tcbraster.code.tex
Library (tcolorbox): 'tcbraster.code.tex' version '4.30'
\c@tcbrastercolumn=\count330
\c@tcbrasterrow=\count331
\c@tcbraster=\count332
) (E:\MikTEX\Miktex\tex/latex/tcolorbox\tcbskins.code.tex
Library (tcolorbox): 'tcbskins.code.tex' version '4.30'
\tcb@waterbox=\box76
(E:\MikTEX\Miktex\tex/latex/tcolorbox\tcbskinsjigsaw.code.tex
Library (tcolorbox): 'tcbskinsjigsaw.code.tex' version '4.30'
)) (E:\MikTEX\Miktex\tex/latex/tcolorbox\tcbbreakable.code.tex
Library (tcolorbox): 'tcbbreakable.code.tex' version '4.30'
\tcb@testbox=\box77
\tcb@totalupperbox=\box78
\tcb@totallowerbox=\box79
) (E:\MikTEX\Miktex\tex/latex/tcolorbox\tcbhooks.code.tex
Library (tcolorbox): 'tcbhooks.code.tex' version '4.30'
) (E:\MikTEX\Miktex\tex/latex/tcolorbox\tcbtheorems.code.tex
Library (tcolorbox): 'tcbtheorems.code.tex' version '4.30'
) (E:\MikTEX\Miktex\tex/latex/tcolorbox\tcbfitting.code.tex
Library (tcolorbox): 'tcbfitting.code.tex' version '4.30'
\tcbfitdim=\dimen285
\tcb@lowerfitdim=\dimen286
\tcb@upperfitdim=\dimen287
\tcb@cur@hbadness=\count333
) (E:\MikTEX\Miktex\tex/latex/tcolorbox\tcbxparse.code.tex
Library (tcolorbox): 'tcbxparse.code.tex' version '4.30'
) (E:\MikTEX\Miktex\tex/latex/tcolorbox\tcblistingsutf8.code.tex
Library (tcolorbox): 'tcblistingsutf8.code.tex' version '4.30'
(E:\MikTEX\Miktex\tex/latex/tcolorbox\tcblistings.code.tex
Library (tcolorbox): 'tcblistings.code.tex' version '4.30'
(E:\MikTEX\Miktex\tex/latex/listings\listings.sty
\lst@mode=\count334
\lst@gtempboxa=\box80
\lst@token=\toks41
\lst@length=\count335
\lst@currlwidth=\dimen288
\lst@column=\count336
\lst@pos=\count337
\lst@lostspace=\dimen289
\lst@width=\dimen290
\lst@newlines=\count338
\lst@lineno=\count339
\lst@maxwidth=\dimen291

(E:\MikTEX\Miktex\tex/latex/listings\lstmisc.sty
File: lstmisc.sty 2020/03/24 1.8d (Carsten Heinz)
\c@lstnumber=\count340
\lst@skipnumbers=\count341
\lst@framebox=\box81
)
(E:\MikTEX\Miktex\tex/latex/listings\listings.cfg
File: listings.cfg 2020/03/24 1.8d listings configuration
))
Package: listings 2020/03/24 1.8d (Carsten Heinz)

(E:\MikTEX\Miktex\tex/latex/tcolorbox\tcblistingscore.code.tex
Library (tcolorbox): 'tcblistingscore.code.tex' version '4.30'
(E:\MikTEX\Miktex\tex/latex/tcolorbox\tcbprocessing.code.tex
Library (tcolorbox): 'tcbprocessing.code.tex' version '4.30'
(E:\MikTEX\Miktex\tex/latex/tools\shellesc.sty
Package: shellesc 2016/06/07 v0.02b unified shell escape interface for LaTeX
Package shellesc Info: Restricted shell escape enabled on input line 72.
))
\c@tcblisting=\count342
))
(E:\MikTEX\Miktex\tex/generic/iftex\iftex.sty
Package: iftex 2020/03/06 v1.0d TeX engine tests
)
Package tcolorbox Info: Library `listingsutf8' is compatible with pdftex only. 
Library `listings` is loaded instead. on input line 29.
)
(E:\MikTEX\Miktex\tex/latex/tcolorbox\tcbexternal.code.tex
Library (tcolorbox): 'tcbexternal.code.tex' version '4.30'
) (E:\MikTEX\Miktex\tex/latex/tcolorbox\tcbmagazine.code.tex
Library (tcolorbox): 'tcbmagazine.code.tex' version '4.30'
) (E:\MikTEX\Miktex\tex/latex/tcolorbox\tcbvignette.code.tex
Library (tcolorbox): 'tcbvignette.code.tex' version '4.30'

(E:\MikTEX\Miktex\tex/generic/pgf/frontendlayer/tikz/libraries\tikzlibraryfadin
gs.code.tex
File: tikzlibraryfadings.code.tex 2020/01/08 v3.1.5b (3.1.5b)

(E:\MikTEX\Miktex\tex/generic/pgf/libraries\pgflibraryfadings.code.tex
File: pgflibraryfadings.code.tex 2020/01/08 v3.1.5b (3.1.5b)
)))
(E:\MikTEX\Miktex\tex/latex/tcolorbox\tcbposter.code.tex
Library (tcolorbox): 'tcbposter.code.tex' version '4.30'
)) (E:\MikTEX\Miktex\tex/latex/titlesec\titlesec.sty
Package: titlesec 2019/10/16 v2.13 Sectioning titles
\ttl@box=\box82
\beforetitleunit=\skip60
\aftertitleunit=\skip61
\ttl@plus=\dimen292
\ttl@minus=\dimen293
\ttl@toksa=\toks42
\titlewidth=\dimen294
\titlewidthlast=\dimen295
\titlewidthfirst=\dimen296
)
(E:\MikTEX\Miktex\tex/latex/newunicodechar\newunicodechar.sty
Package: newunicodechar 2018/04/08 v1.2 Defining Unicode characters
)
(E:\MikTEX\Miktex\tex/generic/pgf/frontendlayer/tikz/libraries\tikzlibraryshape
s.misc.code.tex
File: tikzlibraryshapes.misc.code.tex 2020/01/08 v3.1.5b (3.1.5b)

(E:\MikTEX\Miktex\tex/generic/pgf/libraries/shapes\pgflibraryshapes.misc.code.t
ex
File: pgflibraryshapes.misc.code.tex 2020/01/08 v3.1.5b (3.1.5b)
)) (E:\MikTEX\Miktex\tex/latex/tools\bm.sty
Package: bm 2019/07/24 v1.2d Bold Symbol Support (DPC/FMi)
\symboldoperators=\mathgroup6
\symboldletters=\mathgroup7
\symboldsymbols=\mathgroup8
LaTeX Font Info:    Redeclaring math alphabet \mathbf on input line 141.
LaTeX Info: Redefining \bm on input line 209.
)
(E:\MikTEX\Miktex\tex/latex/booktabs\booktabs.sty
Package: booktabs 2020/01/12 v1.61803398 Publication quality tables
\heavyrulewidth=\dimen297
\lightrulewidth=\dimen298
\cmidrulewidth=\dimen299
\belowrulesep=\dimen300
\belowbottomsep=\dimen301
\aboverulesep=\dimen302
\abovetopsep=\dimen303
\cmidrulesep=\dimen304
\cmidrulekern=\dimen305
\defaultaddspace=\dimen306
\@cmidla=\count343
\@cmidlb=\count344
\@aboverulesep=\dimen307
\@belowrulesep=\dimen308
\@thisruleclass=\count345
\@lastruleclass=\count346
\@thisrulewidth=\dimen309
)
(E:\MikTEX\Miktex\tex/latex/cellspace\cellspace.sty
Package: cellspace 2019/03/11 v1.8.1 Spacing table cells (JN)

(E:\MikTEX\Miktex\tex/latex/base\ifthen.sty
Package: ifthen 2014/09/29 v1.1c Standard LaTeX ifthen package (DPC)
)
(E:\MikTEX\Miktex\tex/latex/tools\array.sty
Package: array 2019/08/31 v2.4l Tabular extension package (FMi)
\col@sep=\dimen310
\ar@mcellbox=\box83
\extrarowheight=\dimen311
\NC@list=\toks43
\extratabsurround=\skip62
\backup@length=\skip63
\ar@cellbox=\box84
)
(E:\MikTEX\Miktex\tex/latex/xkeyval\xkeyval.sty
Package: xkeyval 2014/12/03 v2.7a package option processing (HA)

(E:\MikTEX\Miktex\tex/generic/xkeyval\xkeyval.tex
(E:\MikTEX\Miktex\tex/generic/xkeyval\xkvutils.tex
\XKV@toks=\toks44
\XKV@tempa@toks=\toks45
)
\XKV@depth=\count347
File: xkeyval.tex 2014/12/03 v2.7a key=value parser (HA)
))
\cellspacetoplimit=\dimen312
\cellspacebottomlimit=\dimen313
\cellspace@firstht=\dimen314
\cellspace@lastdp=\dimen315
)
(E:\MikTEX\Miktex\tex/latex/accents\accents.sty
Package: accents 2006/05/12 v1.4 Math Accent Tools
\cc@skew=\dimen316
\cc@wd=\dimen317
\cc@code=\count348
\cc@group=\count349
\cc@skewchar=\count350
) ("Lecture_7 (Algebra I).aux")
\openout1 = `"Lecture_7 (Algebra I).aux"'.

LaTeX Font Info:    Checking defaults for OML/cmm/m/it on input line 140.
LaTeX Font Info:    ... okay on input line 140.
LaTeX Font Info:    Checking defaults for T1/cmr/m/n on input line 140.
LaTeX Font Info:    ... okay on input line 140.
LaTeX Font Info:    Checking defaults for OT1/cmr/m/n on input line 140.
LaTeX Font Info:    ... okay on input line 140.
LaTeX Font Info:    Checking defaults for OMS/cmsy/m/n on input line 140.
LaTeX Font Info:    ... okay on input line 140.
LaTeX Font Info:    Checking defaults for TU/lmr/m/n on input line 140.
LaTeX Font Info:    ... okay on input line 140.
LaTeX Font Info:    Checking defaults for OMX/cmex/m/n on input line 140.
LaTeX Font Info:    ... okay on input line 140.
LaTeX Font Info:    Checking defaults for U/cmr/m/n on input line 140.
LaTeX Font Info:    ... okay on input line 140.
LaTeX Font Info:    Checking defaults for PD1/pdf/m/n on input line 140.
LaTeX Font Info:    ... okay on input line 140.
LaTeX Font Info:    Checking defaults for PU/pdf/m/n on input line 140.
LaTeX Font Info:    ... okay on input line 140.

*geometry* detected driver: pdftex
*geometry* verbose mode - [ preamble ] result:
* driver: pdftex
* paper: <default>
* layout: <same size as paper>
* layoutoffset:(h,v)=(0.0pt,0.0pt)
* modes: 
* h-part:(L,W,R)=(79.52545pt, 455.24408pt, 79.52547pt)
* v-part:(T,H,B)=(95.39737pt, 556.47656pt, 143.09605pt)
* \paperwidth=614.295pt
* \paperheight=794.96999pt
* \textwidth=455.24408pt
* \textheight=556.47656pt
* \oddsidemargin=7.25546pt
* \evensidemargin=7.25546pt
* \topmargin=-13.87262pt
* \headheight=12.0pt
* \headsep=25.0pt
* \topskip=10.0pt
* \footskip=30.0pt
* \marginparwidth=65.0pt
* \marginparsep=11.0pt
* \columnsep=10.0pt
* \skip\footins=9.0pt plus 4.0pt minus 2.0pt
* \hoffset=0.0pt
* \voffset=0.0pt
* \mag=1000
* \@twocolumnfalse
* \@twosidefalse
* \@mparswitchfalse
* \@reversemarginfalse
* (1in=72.27pt=25.4mm, 1cm=28.453pt)

ABD: EveryShipout initializing macros
LaTeX Info: Redefining \microtypecontext on input line 140.
Package microtype Info: Character protrusion enabled (level 2).
Package microtype Info: Using default protrusion set `alltext'.
Package microtype Info: No adjustment of tracking.
Package microtype Info: No adjustment of spacing.
Package microtype Info: No adjustment of kerning.

(E:\MikTEX\Miktex\tex/latex/microtype\mt-LatinModernRoman.cfg
File: mt-LatinModernRoman.cfg 2013/03/13 v1.0 microtype config. file: Latin Mod
ern Roman (RS)
)
\AtBeginShipoutBox=\box85
Package hyperref Info: Link coloring OFF on input line 140.

(E:\MikTEX\Miktex\tex/latex/hyperref\nameref.sty
Package: nameref 2019/09/16 v2.46 Cross-referencing by name of section

(E:\MikTEX\Miktex\tex/latex/oberdiek\refcount.sty
Package: refcount 2016/05/16 v3.5 Data extraction from label references (HO)
)
(E:\MikTEX\Miktex\tex/generic/oberdiek\gettitlestring.sty
Package: gettitlestring 2016/05/16 v1.5 Cleanup title references (HO)
)
\c@section@level=\count351
)
LaTeX Info: Redefining \ref on input line 140.
LaTeX Info: Redefining \pageref on input line 140.
LaTeX Info: Redefining \nameref on input line 140.

("Lecture_7 (Algebra I).out") ("Lecture_7 (Algebra I).out")
\@outlinefile=\write6
\openout6 = `"Lecture_7 (Algebra I).out"'.

\c@lstlisting=\count352
LaTeX Font Info:    Trying to load font information for OT1+lmr on input line 1
53.

(E:\MikTEX\Miktex\tex/latex/lm\ot1lmr.fd
File: ot1lmr.fd 2009/10/30 v1.6 Font defs for Latin Modern
)
Package microtype Info: Loading generic protrusion settings for font family
(microtype)             `lmr' (encoding: OT1).
(microtype)             For optimal results, create family-specific settings.
(microtype)             See the microtype manual for details.
LaTeX Font Info:    Trying to load font information for OML+lmm on input line 1
53.

(E:\MikTEX\Miktex\tex/latex/lm\omllmm.fd
File: omllmm.fd 2009/10/30 v1.6 Font defs for Latin Modern
)
LaTeX Font Info:    Trying to load font information for OMS+lmsy on input line 
153.

(E:\MikTEX\Miktex\tex/latex/lm\omslmsy.fd
File: omslmsy.fd 2009/10/30 v1.6 Font defs for Latin Modern
)
LaTeX Font Info:    Trying to load font information for OMX+lmex on input line 
153.

(E:\MikTEX\Miktex\tex/latex/lm\omxlmex.fd
File: omxlmex.fd 2009/10/30 v1.6 Font defs for Latin Modern
)
LaTeX Font Info:    External font `lmex10' loaded for size
(Font)              <10> on input line 153.
LaTeX Font Info:    External font `lmex10' loaded for size
(Font)              <7> on input line 153.
LaTeX Font Info:    External font `lmex10' loaded for size
(Font)              <5> on input line 153.
LaTeX Font Info:    Trying to load font information for U+msa on input line 153
.

(E:\MikTEX\Miktex\tex/latex/amsfonts\umsa.fd
File: umsa.fd 2013/01/14 v3.01 AMS symbols A
)
(E:\MikTEX\Miktex\tex/latex/microtype\mt-msa.cfg
File: mt-msa.cfg 2006/02/04 v1.1 microtype config. file: AMS symbols (a) (RS)
)
LaTeX Font Info:    Trying to load font information for U+msb on input line 153
.

(E:\MikTEX\Miktex\tex/latex/amsfonts\umsb.fd
File: umsb.fd 2013/01/14 v3.01 AMS symbols B
)
(E:\MikTEX\Miktex\tex/latex/microtype\mt-msb.cfg
File: mt-msb.cfg 2005/06/01 v1.0 microtype config. file: AMS symbols (b) (RS)
)
(E:\MikTEX\Miktex\tex/generic/oberdiek\se-ascii-print.def
File: se-ascii-print.def 2016/05/16 v1.11 stringenc: Printable ASCII characters

) [1

]
Underfull \hbox (badness 10000) in paragraph at lines 198--217

 []


Underfull \hbox (badness 10000) in paragraph at lines 198--217

 []


Underfull \hbox (badness 10000) in paragraph at lines 198--217

 []


Underfull \hbox (badness 10000) in paragraph at lines 223--226

 []


Underfull \hbox (badness 10000) in paragraph at lines 235--264

 []


Underfull \hbox (badness 10000) in paragraph at lines 235--264

 []

[2]
Underfull \hbox (badness 10000) in paragraph at lines 275--277

 []

[3]
Underfull \hbox (badness 10000) in paragraph at lines 284--298

 []


Underfull \hbox (badness 10000) in paragraph at lines 310--312

 []

File: ex37.png Graphic file (type bmp)
<ex37.png>

Underfull \hbox (badness 10000) in paragraph at lines 318--333

 []


Underfull \hbox (badness 10000) in paragraph at lines 318--333

 []

[4]
Underfull \hbox (badness 10000) in paragraph at lines 335--350

 []


Underfull \hbox (badness 10000) in paragraph at lines 350--395

 []


Underfull \hbox (badness 10000) in paragraph at lines 395--402

 []


Underfull \hbox (badness 10000) in paragraph at lines 402--418

 []

[5] [6]
Package atveryend Info: Empty hook `BeforeClearDocument' on input line 423.
Package atveryend Info: Empty hook `AfterLastShipout' on input line 423.
 ("Lecture_7 (Algebra I).aux")
Package atveryend Info: Empty hook `AtVeryEndDocument' on input line 423.
Package atveryend Info: Executing hook `AtEndAfterFileList' on input line 423.
Package rerunfilecheck Info: File `"Lecture_7 (Algebra I)".out' has not changed
.
(rerunfilecheck)             Checksum: .
Package atveryend Info: Empty hook `AtVeryVeryEnd' on input line 423.
 ) 
Here is how much of TeX's memory you used:
 44709 strings out of 427242
 885972 string characters out of 3147997
 1071807 words of memory out of 3000000
 48615 multiletter control sequences out of 15000+200000
 559262 words of font info for 67 fonts, out of 3000000 for 9000
 1348 hyphenation exceptions out of 8191
 65i,15n,103p,965b,2146s stack positions out of 5000i,500n,10000p,200000b,50000s

Output written on Lecture_7 (Algebra I).pdf (6 pages).
